<?xml version="1.0" encoding="UTF-8"?>
<coverage generated="1543735787090" clover="3.2.0">
  <project timestamp="1543735787091" name="All files">
    <metrics statements="36" coveredstatements="20" conditionals="6" coveredconditionals="0" methods="17" coveredmethods="4" elements="59" coveredelements="24" complexity="0" loc="36" ncloc="36" packages="1" files="5" classes="5">
      <file name="Button.jsx" path="/Users/chidinmako/Javascript/Cocoa-Cacoo/src/components/Button.jsx">
        <metrics statements="6" coveredstatements="4" conditionals="2" coveredconditionals="0" methods="2" coveredmethods="0"/>
        <line num="5" count="2" type="stmt"/>
        <line num="14" count="0" type="cond" truecount="0" falsecount="2"/>
        <line num="20" count="2" type="stmt"/>
        <line num="21" count="0" type="stmt"/>
        <line num="24" count="2" type="stmt"/>
        <line num="30" count="2" type="stmt"/>
      </file>
      <file name="Header.jsx" path="/Users/chidinmako/Javascript/Cocoa-Cacoo/src/components/Header.jsx">
        <metrics statements="3" coveredstatements="2" conditionals="0" coveredconditionals="0" methods="1" coveredmethods="0"/>
        <line num="5" count="2" type="stmt"/>
        <line num="20" count="2" type="stmt"/>
        <line num="21" count="0" type="stmt"/>
      </file>
      <file name="List.jsx" path="/Users/chidinmako/Javascript/Cocoa-Cacoo/src/components/List.jsx">
        <metrics statements="2" coveredstatements="1" conditionals="2" coveredconditionals="0" methods="1" coveredmethods="0"/>
        <line num="5" count="2" type="stmt"/>
        <line num="13" count="0" type="cond" truecount="0" falsecount="2"/>
      </file>
      <file name="Projects.jsx" path="/Users/chidinmako/Javascript/Cocoa-Cacoo/src/components/Projects.jsx">
        <metrics statements="20" coveredstatements="9" conditionals="0" coveredconditionals="0" methods="12" coveredmethods="4"/>
        <line num="10" count="2" type="stmt"/>
        <line num="11" count="2" type="stmt"/>
        <line num="15" count="3" type="stmt"/>
        <line num="16" count="3" type="stmt"/>
        <line num="19" count="3" type="stmt"/>
        <line num="24" count="2" type="stmt"/>
        <line num="26" count="0" type="stmt"/>
        <line num="27" count="0" type="stmt"/>
        <line num="33" count="0" type="stmt"/>
        <line num="39" count="1" type="stmt"/>
        <line num="43" count="0" type="stmt"/>
        <line num="44" count="0" type="stmt"/>
        <line num="45" count="0" type="stmt"/>
        <line num="47" count="0" type="stmt"/>
        <line num="49" count="0" type="stmt"/>
        <line num="52" count="0" type="stmt"/>
        <line num="57" count="2" type="stmt"/>
        <line num="58" count="2" type="stmt"/>
        <line num="79" count="0" type="stmt"/>
        <line num="84" count="0" type="stmt"/>
      </file>
      <file name="Util.jsx" path="/Users/chidinmako/Javascript/Cocoa-Cacoo/src/components/Util.jsx">
        <metrics statements="5" coveredstatements="4" conditionals="2" coveredconditionals="0" methods="1" coveredmethods="0"/>
        <line num="3" count="2" type="stmt"/>
        <line num="7" count="2" type="stmt"/>
        <line num="11" count="2" type="stmt"/>
        <line num="13" count="0" type="cond" truecount="0" falsecount="2"/>
        <line num="19" count="2" type="stmt"/>
      </file>
    </metrics>
  </project>
</coverage>
