{"/Users/chidinmako/Javascript/Cocoa-Cacoo/src/components/Button.jsx": {"path":"/Users/chidinmako/Javascript/Cocoa-Cacoo/src/components/Button.jsx","statementMap":{"0":{"start":{"line":5,"column":20},"end":{"line":18,"column":1}},"1":{"start":{"line":14,"column":13},"end":{"line":17,"column":3}},"2":{"start":{"line":20,"column":15},"end":{"line":22,"column":1}},"3":{"start":{"line":21,"column":2},"end":{"line":21,"column":67}},"4":{"start":{"line":24,"column":0},"end":{"line":28,"column":2}},"5":{"start":{"line":30,"column":0},"end":{"line":32,"column":2}}},"fnMap":{"0":{"name":"(anonymous_0)","decl":{"start":{"line":14,"column":4},"end":{"line":14,"column":5}},"loc":{"start":{"line":14,"column":13},"end":{"line":17,"column":3}},"line":14},"1":{"name":"(anonymous_1)","decl":{"start":{"line":20,"column":15},"end":{"line":20,"column":16}},"loc":{"start":{"line":21,"column":2},"end":{"line":21,"column":67}},"line":21}},"branchMap":{"0":{"loc":{"start":{"line":14,"column":13},"end":{"line":17,"column":3}},"type":"binary-expr","locations":[{"start":{"line":14,"column":13},"end":{"line":14,"column":38}},{"start":{"line":14,"column":42},"end":{"line":17,"column":3}}],"line":14}},"s":{"0":2,"1":0,"2":2,"3":0,"4":2,"5":2},"f":{"0":0,"1":0},"b":{"0":[0,0]},"_coverageSchema":"332fd63041d2c1bcb487cc26dd0d5f7d97098a6c","hash":"3a18d6a7108ee43a284e4bf86706d651ce32c665"}
,"/Users/chidinmako/Javascript/Cocoa-Cacoo/src/components/Header.jsx": {"path":"/Users/chidinmako/Javascript/Cocoa-Cacoo/src/components/Header.jsx","statementMap":{"0":{"start":{"line":5,"column":17},"end":{"line":18,"column":1}},"1":{"start":{"line":20,"column":19},"end":{"line":28,"column":1}},"2":{"start":{"line":21,"column":2},"end":{"line":27,"column":13}}},"fnMap":{"0":{"name":"(anonymous_0)","decl":{"start":{"line":20,"column":19},"end":{"line":20,"column":20}},"loc":{"start":{"line":21,"column":2},"end":{"line":27,"column":13}},"line":21}},"branchMap":{},"s":{"0":2,"1":2,"2":0},"f":{"0":0},"b":{},"_coverageSchema":"332fd63041d2c1bcb487cc26dd0d5f7d97098a6c","hash":"10e720cb2dc8054ebf5619801c6937f882e878ad"}
,"/Users/chidinmako/Javascript/Cocoa-Cacoo/src/components/List.jsx": {"path":"/Users/chidinmako/Javascript/Cocoa-Cacoo/src/components/List.jsx","statementMap":{"0":{"start":{"line":5,"column":13},"end":{"line":37,"column":1}},"1":{"start":{"line":13,"column":15},"end":{"line":13,"column":49}}},"fnMap":{"0":{"name":"(anonymous_0)","decl":{"start":{"line":13,"column":6},"end":{"line":13,"column":7}},"loc":{"start":{"line":13,"column":15},"end":{"line":13,"column":49}},"line":13}},"branchMap":{"0":{"loc":{"start":{"line":13,"column":15},"end":{"line":13,"column":49}},"type":"binary-expr","locations":[{"start":{"line":13,"column":15},"end":{"line":13,"column":27}},{"start":{"line":13,"column":31},"end":{"line":13,"column":49}}],"line":13}},"s":{"0":2,"1":0},"f":{"0":0},"b":{"0":[0,0]},"_coverageSchema":"332fd63041d2c1bcb487cc26dd0d5f7d97098a6c","hash":"cf476acbbc40d5d96e399e4dc615c34f093afcec"}
,"/Users/chidinmako/Javascript/Cocoa-Cacoo/src/components/Projects.jsx": {"path":"/Users/chidinmako/Javascript/Cocoa-Cacoo/src/components/Projects.jsx","statementMap":{"0":{"start":{"line":10,"column":13},"end":{"line":10,"column":29}},"1":{"start":{"line":11,"column":15},"end":{"line":11,"column":36}},"2":{"start":{"line":15,"column":4},"end":{"line":15,"column":12}},"3":{"start":{"line":16,"column":4},"end":{"line":18,"column":6}},"4":{"start":{"line":19,"column":4},"end":{"line":19,"column":55}},"5":{"start":{"line":24,"column":4},"end":{"line":34,"column":9}},"6":{"start":{"line":26,"column":37},"end":{"line":26,"column":45}},"7":{"start":{"line":27,"column":8},"end":{"line":29,"column":11}},"8":{"start":{"line":33,"column":8},"end":{"line":33,"column":27}},"9":{"start":{"line":39,"column":4},"end":{"line":39,"column":17}},"10":{"start":{"line":43,"column":28},"end":{"line":43,"column":38}},"11":{"start":{"line":44,"column":4},"end":{"line":46,"column":7}},"12":{"start":{"line":45,"column":46},"end":{"line":45,"column":72}},"13":{"start":{"line":47,"column":4},"end":{"line":53,"column":9}},"14":{"start":{"line":49,"column":8},"end":{"line":49,"column":30}},"15":{"start":{"line":52,"column":8},"end":{"line":52,"column":27}},"16":{"start":{"line":57,"column":28},"end":{"line":57,"column":38}},"17":{"start":{"line":58,"column":4},"end":{"line":133,"column":6}},"18":{"start":{"line":79,"column":16},"end":{"line":110,"column":21}},"19":{"start":{"line":84,"column":47},"end":{"line":84,"column":84}}},"fnMap":{"0":{"name":"(anonymous_0)","decl":{"start":{"line":14,"column":2},"end":{"line":14,"column":3}},"loc":{"start":{"line":14,"column":16},"end":{"line":20,"column":3}},"line":14},"1":{"name":"(anonymous_1)","decl":{"start":{"line":23,"column":2},"end":{"line":23,"column":3}},"loc":{"start":{"line":23,"column":22},"end":{"line":35,"column":3}},"line":23},"2":{"name":"(anonymous_2)","decl":{"start":{"line":25,"column":12},"end":{"line":25,"column":13}},"loc":{"start":{"line":25,"column":24},"end":{"line":31,"column":7}},"line":25},"3":{"name":"(anonymous_3)","decl":{"start":{"line":32,"column":13},"end":{"line":32,"column":14}},"loc":{"start":{"line":32,"column":22},"end":{"line":34,"column":7}},"line":32},"4":{"name":"(anonymous_4)","decl":{"start":{"line":38,"column":2},"end":{"line":38,"column":3}},"loc":{"start":{"line":38,"column":17},"end":{"line":40,"column":3}},"line":38},"5":{"name":"(anonymous_5)","decl":{"start":{"line":42,"column":2},"end":{"line":42,"column":3}},"loc":{"start":{"line":42,"column":25},"end":{"line":54,"column":3}},"line":42},"6":{"name":"(anonymous_6)","decl":{"start":{"line":45,"column":38},"end":{"line":45,"column":39}},"loc":{"start":{"line":45,"column":46},"end":{"line":45,"column":72}},"line":45},"7":{"name":"(anonymous_7)","decl":{"start":{"line":48,"column":12},"end":{"line":48,"column":13}},"loc":{"start":{"line":48,"column":24},"end":{"line":50,"column":7}},"line":48},"8":{"name":"(anonymous_8)","decl":{"start":{"line":51,"column":13},"end":{"line":51,"column":14}},"loc":{"start":{"line":51,"column":22},"end":{"line":53,"column":7}},"line":51},"9":{"name":"(anonymous_9)","decl":{"start":{"line":56,"column":2},"end":{"line":56,"column":3}},"loc":{"start":{"line":56,"column":11},"end":{"line":134,"column":3}},"line":56},"10":{"name":"(anonymous_10)","decl":{"start":{"line":78,"column":31},"end":{"line":78,"column":32}},"loc":{"start":{"line":79,"column":16},"end":{"line":110,"column":21}},"line":79},"11":{"name":"(anonymous_11)","decl":{"start":{"line":84,"column":41},"end":{"line":84,"column":42}},"loc":{"start":{"line":84,"column":47},"end":{"line":84,"column":84}},"line":84}},"branchMap":{},"s":{"0":2,"1":2,"2":3,"3":3,"4":3,"5":2,"6":0,"7":0,"8":0,"9":1,"10":0,"11":0,"12":0,"13":0,"14":0,"15":0,"16":2,"17":2,"18":0,"19":0},"f":{"0":3,"1":2,"2":0,"3":0,"4":1,"5":0,"6":0,"7":0,"8":0,"9":2,"10":0,"11":0},"b":{},"_coverageSchema":"332fd63041d2c1bcb487cc26dd0d5f7d97098a6c","hash":"b2b054c2e330a2ff7fcc7cf606a43d1caac19859"}
,"/Users/chidinmako/Javascript/Cocoa-Cacoo/src/components/Util.jsx": {"path":"/Users/chidinmako/Javascript/Cocoa-Cacoo/src/components/Util.jsx","statementMap":{"0":{"start":{"line":3,"column":25},"end":{"line":5,"column":1}},"1":{"start":{"line":7,"column":26},"end":{"line":9,"column":1}},"2":{"start":{"line":11,"column":26},"end":{"line":17,"column":1}},"3":{"start":{"line":13,"column":13},"end":{"line":15,"column":4}},"4":{"start":{"line":19,"column":22},"end":{"line":24,"column":1}}},"fnMap":{"0":{"name":"(anonymous_0)","decl":{"start":{"line":13,"column":4},"end":{"line":13,"column":5}},"loc":{"start":{"line":13,"column":13},"end":{"line":15,"column":4}},"line":13}},"branchMap":{"0":{"loc":{"start":{"line":13,"column":13},"end":{"line":15,"column":4}},"type":"binary-expr","locations":[{"start":{"line":13,"column":13},"end":{"line":13,"column":25}},{"start":{"line":13,"column":29},"end":{"line":15,"column":4}}],"line":13}},"s":{"0":2,"1":2,"2":2,"3":0,"4":2},"f":{"0":0},"b":{"0":[0,0]},"_coverageSchema":"332fd63041d2c1bcb487cc26dd0d5f7d97098a6c","hash":"89ecf56ad79da91f218f532cdf46c5cd69e9bc64"}
}
