TN:
SF:/Users/chidinmako/Javascript/Cocoa-Cacoo/src/components/Button.jsx
FN:14,(anonymous_0)
FN:20,(anonymous_1)
FNF:2
FNH:0
FNDA:0,(anonymous_0)
FNDA:0,(anonymous_1)
DA:5,2
DA:14,0
DA:20,2
DA:21,0
DA:24,2
DA:30,2
LF:6
LH:4
BRDA:14,0,0,0
BRDA:14,0,1,0
BRF:2
BRH:0
end_of_record
TN:
SF:/Users/chidinmako/Javascript/Cocoa-Cacoo/src/components/Header.jsx
FN:20,(anonymous_0)
FNF:1
FNH:0
FNDA:0,(anonymous_0)
DA:5,2
DA:20,2
DA:21,0
LF:3
LH:2
BRF:0
BRH:0
end_of_record
TN:
SF:/Users/chidinmako/Javascript/Cocoa-Cacoo/src/components/List.jsx
FN:13,(anonymous_0)
FNF:1
FNH:0
FNDA:0,(anonymous_0)
DA:5,2
DA:13,0
LF:2
LH:1
BRDA:13,0,0,0
BRDA:13,0,1,0
BRF:2
BRH:0
end_of_record
TN:
SF:/Users/chidinmako/Javascript/Cocoa-Cacoo/src/components/Projects.jsx
FN:14,(anonymous_0)
FN:23,(anonymous_1)
FN:25,(anonymous_2)
FN:32,(anonymous_3)
FN:38,(anonymous_4)
FN:42,(anonymous_5)
FN:45,(anonymous_6)
FN:48,(anonymous_7)
FN:51,(anonymous_8)
FN:56,(anonymous_9)
FN:78,(anonymous_10)
FN:84,(anonymous_11)
FNF:12
FNH:4
FNDA:3,(anonymous_0)
FNDA:2,(anonymous_1)
FNDA:0,(anonymous_2)
FNDA:0,(anonymous_3)
FNDA:1,(anonymous_4)
FNDA:0,(anonymous_5)
FNDA:0,(anonymous_6)
FNDA:0,(anonymous_7)
FNDA:0,(anonymous_8)
FNDA:2,(anonymous_9)
FNDA:0,(anonymous_10)
FNDA:0,(anonymous_11)
DA:10,2
DA:11,2
DA:15,3
DA:16,3
DA:19,3
DA:24,2
DA:26,0
DA:27,0
DA:33,0
DA:39,1
DA:43,0
DA:44,0
DA:45,0
DA:47,0
DA:49,0
DA:52,0
DA:57,2
DA:58,2
DA:79,0
DA:84,0
LF:20
LH:9
BRF:0
BRH:0
end_of_record
TN:
SF:/Users/chidinmako/Javascript/Cocoa-Cacoo/src/components/Util.jsx
FN:13,(anonymous_0)
FNF:1
FNH:0
FNDA:0,(anonymous_0)
DA:3,2
DA:7,2
DA:11,2
DA:13,0
DA:19,2
LF:5
LH:4
BRDA:13,0,0,0
BRDA:13,0,1,0
BRF:2
BRH:0
end_of_record
